2026-05-16 22:44:28 | INFO | ==================================================
2026-05-16 22:44:28 | INFO | Starting New Tokens Monitor Bot
2026-05-16 22:44:28 | INFO | NEW TOKENS (< 2.0h): MIN_VOLUME $300,000, MIN_MCAP $100,000
2026-05-16 22:44:28 | INFO | ESTABLISHED TOKENS (> 2.0h): MIN_VOLUME $2,000,000
2026-05-16 22:44:28 | INFO | MAX VOLUME FILTER: $40,000,000 (exclude too popular tokens)
2026-05-16 22:44:28 | INFO | SKIP HOLDERS CHECK: $1,000,000+ volume (high volume tokens)
2026-05-16 22:44:28 | INFO | STABILITY_CHECKS: 2 (~1 min)
2026-05-16 22:44:28 | INFO | SCAN_INTERVAL: 30s
2026-05-16 22:44:28 | INFO | ==================================================
2026-05-16 22:44:28 | INFO | DexScreener: fetched 20 BSC pairs
2026-05-16 22:44:28 | INFO | GeckoTerminal: fetched 20 pools (page 1)
2026-05-16 22:44:28 | ERROR | DexScreener token search error: 404
2026-05-16 22:44:28 | INFO | DexScreener USD1: fetched 0 USD1 BSC pairs
2026-05-16 22:44:28 | INFO | GeckoTerminal: fetched 20 trending pools (page 1)
2026-05-16 22:44:28 | INFO | GeckoTerminal: fetched 20 pools (page 3)
2026-05-16 22:44:28 | INFO | GeckoTerminal: fetched 20 trending pools (page 3)
2026-05-16 22:44:28 | INFO | GeckoTerminal: fetched 20 trending pools (page 2)
2026-05-16 22:44:28 | INFO | GeckoTerminal: fetched 20 pools (page 2)
2026-05-16 22:44:28 | INFO | GeckoTerminal: fetched 20 pools (page 5)
2026-05-16 22:44:28 | WARNING | GeckoTerminal unauthorized (401) on page 11
2026-05-16 22:44:28 | WARNING | GeckoTerminal unauthorized (401) on page 12
2026-05-16 22:44:28 | INFO | GeckoTerminal: fetched 20 pools (page 9)
2026-05-16 22:44:28 | INFO | GeckoTerminal: fetched 20 pools (page 7)
2026-05-16 22:44:28 | INFO | GeckoTerminal: fetched 20 pools (page 4)
2026-05-16 22:44:28 | INFO | GeckoTerminal: fetched 20 pools (page 8)
2026-05-16 22:44:28 | INFO | GeckoTerminal: fetched 20 pools (page 6)
2026-05-16 22:44:28 | INFO | GeckoTerminal: fetched 20 pools (page 10)
2026-05-16 22:44:29 | INFO | GeckoTerminal USD1: fetched 20 USD1 BSC pools
2026-05-16 22:44:29 | WARNING | ⚠️ BSCScan API key not configured, cannot check banned developer for 0x2e35af...
2026-05-16 22:44:29 | WARNING | ⚠️ BSCScan API key not configured, cannot check banned developer for 0x19d82f...
2026-05-16 22:44:29 | WARNING | ⚠️ BSCScan API key not configured, cannot check banned developer for 0xfa7632...
2026-05-16 22:44:29 | WARNING | ⚠️ BSCScan API key not configured, cannot check banned developer for 0xe6b89a...
2026-05-16 22:44:29 | WARNING | ⚠️ BSCScan API key not configured, cannot check banned developer for 0x138479...
2026-05-16 22:44:29 | WARNING | ⚠️ BSCScan API key not configured, cannot check banned developer for 0x5ee548...
2026-05-16 22:44:29 | WARNING | ⚠️ BSCScan API key not configured, cannot check banned developer for 0x40dac4...
2026-05-16 22:44:29 | WARNING | ⚠️ BSCScan API key not configured, cannot check banned developer for 0x54d3bc...
2026-05-16 22:44:29 | WARNING | ⚠️ BSCScan API key not configured, cannot check banned developer for 0x93ecd8...
2026-05-16 22:44:29 | WARNING | ⚠️ BSCScan API key not configured, cannot check banned developer for 0x6331bf...
2026-05-16 22:44:29 | WARNING | ⚠️ BSCScan API key not configured, cannot check banned developer for 0xbd831b...
2026-05-16 22:44:29 | WARNING | ⚠️ BSCScan API key not configured, cannot check banned developer for 0x6331bf...
2026-05-16 22:44:29 | WARNING | ⚠️ BSCScan API key not configured, cannot check banned developer for 0x6b4917...
2026-05-16 22:44:29 | WARNING | ⚠️ BSCScan API key not configured, cannot check banned developer for 0xf884c4...
2026-05-16 22:44:29 | WARNING | ⚠️ BSCScan API key not configured, cannot check banned developer for 0xb7ad5c...
2026-05-16 22:44:29 | WARNING | ⚠️ BSCScan API key not configured, cannot check banned developer for 0xb7ad5c...
2026-05-16 22:44:29 | WARNING | ⚠️ BSCScan API key not configured, cannot check banned developer for 0xbcb24a...
2026-05-16 22:44:29 | WARNING | ⚠️ BSCScan API key not configured, cannot check banned developer for 0x17bc01...
2026-05-16 22:44:29 | INFO | Processing 20 GeckoTerminal USD1 pools...
2026-05-16 22:44:29 | WARNING | ⚠️ BSCScan API key not configured, cannot check banned developer for 0xc08cd2...
2026-05-16 22:44:29 | INFO | 🔍 GeckoTerminal USD1 pool: CARV - Vol: $404, Age: 7990.39h, New: False, Established: False, NotPopular: True
2026-05-16 22:44:29 | WARNING | ⚠️ BSCScan API key not configured, cannot check banned developer for 0xfdffb4...
2026-05-16 22:44:29 | INFO | 🔍 GeckoTerminal USD1 pool: SAHARA - Vol: $203, Age: 7822.92h, New: False, Established: False, NotPopular: True
2026-05-16 22:44:29 | INFO | Parsed 2/20 GeckoTerminal USD1 pools
2026-05-16 22:44:29 | INFO | Processing 0 DexScreener USD1 pairs...
2026-05-16 22:44:29 | WARNING | ⚠️ BSCScan API key not configured, cannot check banned developer for 0xab1855...
2026-05-16 22:44:29 | WARNING | ⚠️ BSCScan API key not configured, cannot check banned developer for 0x747fb8...
2026-05-16 22:44:29 | WARNING | ⚠️ BSCScan API key not configured, cannot check banned developer for 0x80280b...
2026-05-16 22:44:29 | WARNING | ⚠️ BSCScan API key not configured, cannot check banned developer for 0x00d58c...
2026-05-16 22:44:29 | WARNING | ⚠️ BSCScan API key not configured, cannot check banned developer for 0x0af40a...
2026-05-16 22:44:29 | WARNING | ⚠️ BSCScan API key not configured, cannot check banned developer for 0x21b925...
2026-05-16 22:44:29 | WARNING | ⚠️ BSCScan API key not configured, cannot check banned developer for 0x36f989...
2026-05-16 22:44:29 | WARNING | ⚠️ BSCScan API key not configured, cannot check banned developer for 0x26d33c...
2026-05-16 22:44:29 | WARNING | ⚠️ BSCScan API key not configured, cannot check banned developer for 0x2e7c8b...
2026-05-16 22:44:29 | WARNING | ⚠️ BSCScan API key not configured, cannot check banned developer for 0x35bfaf...
2026-05-16 22:44:29 | WARNING | ⚠️ BSCScan API key not configured, cannot check banned developer for 0x7afd51...
2026-05-16 22:44:29 | WARNING | ⚠️ BSCScan API key not configured, cannot check banned developer for 0x58ced8...
2026-05-16 22:44:29 | WARNING | ⚠️ BSCScan API key not configured, cannot check banned developer for 0x1526ad...
2026-05-16 22:44:29 | WARNING | ⚠️ BSCScan API key not configured, cannot check banned developer for 0xf686fc...
2026-05-16 22:44:29 | WARNING | ⚠️ BSCScan API key not configured, cannot check banned developer for 0x15c401...
2026-05-16 22:44:29 | WARNING | ⚠️ BSCScan API key not configured, cannot check banned developer for 0x6648fe...
2026-05-16 22:44:29 | WARNING | ⚠️ BSCScan API key not configured, cannot check banned developer for 0x0ab24e...
2026-05-16 22:44:29 | WARNING | ⚠️ BSCScan API key not configured, cannot check banned developer for 0xdf24f8...
2026-05-16 22:44:29 | WARNING | ⚠️ BSCScan API key not configured, cannot check banned developer for 0x0f9bd8...
2026-05-16 22:44:29 | WARNING | ⚠️ BSCScan API key not configured, cannot check banned developer for 0xc72bd3...
2026-05-16 22:44:29 | WARNING | ⚠️ BSCScan API key not configured, cannot check banned developer for 0xbaceb2...
2026-05-16 22:44:29 | WARNING | ⚠️ BSCScan API key not configured, cannot check banned developer for 0xe972be...
2026-05-16 22:44:29 | WARNING | ⚠️ BSCScan API key not configured, cannot check banned developer for 0xb11372...
2026-05-16 22:44:29 | WARNING | ⚠️ BSCScan API key not configured, cannot check banned developer for 0x5ec36d...
2026-05-16 22:44:29 | WARNING | ⚠️ BSCScan API key not configured, cannot check banned developer for 0x84079e...
2026-05-16 22:44:29 | WARNING | ⚠️ BSCScan API key not configured, cannot check banned developer for 0x434ec9...
2026-05-16 22:44:29 | WARNING | ⚠️ BSCScan API key not configured, cannot check banned developer for 0xdf24f8...
2026-05-16 22:44:29 | WARNING | ⚠️ BSCScan API key not configured, cannot check banned developer for 0xfed56f...
2026-05-16 22:44:29 | WARNING | ⚠️ BSCScan API key not configured, cannot check banned developer for 0x5fca51...
2026-05-16 22:44:29 | WARNING | ⚠️ BSCScan API key not configured, cannot check banned developer for 0x7ec43c...
2026-05-16 22:44:29 | WARNING | ⚠️ BSCScan API key not configured, cannot check banned developer for 0x40b812...
2026-05-16 22:44:29 | WARNING | ⚠️ BSCScan API key not configured, cannot check banned developer for 0x169ec3...
2026-05-16 22:44:29 | WARNING | ⚠️ BSCScan API key not configured, cannot check banned developer for 0x5feccd...
2026-05-16 22:44:29 | WARNING | ⚠️ BSCScan API key not configured, cannot check banned developer for 0x53ec33...
2026-05-16 22:44:29 | WARNING | ⚠️ BSCScan API key not configured, cannot check banned developer for 0x976934...
2026-05-16 22:44:29 | WARNING | ⚠️ BSCScan API key not configured, cannot check banned developer for 0xed9ae3...
2026-05-16 22:44:29 | WARNING | ⚠️ BSCScan API key not configured, cannot check banned developer for 0xda7ad9...
2026-05-16 22:44:29 | WARNING | ⚠️ BSCScan API key not configured, cannot check banned developer for 0x55d398...
2026-05-16 22:44:29 | INFO | 🔍 GeckoTerminal trending: USDT - Vol: $243,180, Age: 4529.01h, Established: False, NotPopular: True
2026-05-16 22:44:29 | WARNING | ⚠️ BSCScan API key not configured, cannot check banned developer for 0x0c6919...
2026-05-16 22:44:29 | WARNING | ⚠️ BSCScan API key not configured, cannot check banned developer for 0x6ec903...
2026-05-16 22:44:29 | WARNING | ⚠️ BSCScan API key not configured, cannot check banned developer for 0xfab99f...
2026-05-16 22:44:29 | WARNING | ⚠️ BSCScan API key not configured, cannot check banned developer for 0x92aa03...
2026-05-16 22:44:29 | WARNING | ⚠️ BSCScan API key not configured, cannot check banned developer for 0xe0a281...
2026-05-16 22:44:29 | WARNING | ⚠️ BSCScan API key not configured, cannot check banned developer for 0x595dea...
2026-05-16 22:44:29 | WARNING | ⚠️ BSCScan API key not configured, cannot check banned developer for 0x53ec33...
2026-05-16 22:44:29 | WARNING | ⚠️ BSCScan API key not configured, cannot check banned developer for 0x4b3d30...
2026-05-16 22:44:29 | WARNING | ⚠️ BSCScan API key not configured, cannot check banned developer for 0x91152b...
2026-05-16 22:44:29 | WARNING | ⚠️ BSCScan API key not configured, cannot check banned developer for 0xcae117...
2026-05-16 22:44:29 | WARNING | ⚠️ BSCScan API key not configured, cannot check banned developer for 0x0f0df6...
2026-05-16 22:44:29 | WARNING | ⚠️ BSCScan API key not configured, cannot check banned developer for 0x539ae8...
2026-05-16 22:44:29 | WARNING | ⚠️ BSCScan API key not configured, cannot check banned developer for 0x6dc200...
2026-05-16 22:44:29 | WARNING | ⚠️ BSCScan API key not configured, cannot check banned developer for 0x984065...
2026-05-16 22:44:29 | WARNING | ⚠️ BSCScan API key not configured, cannot check banned developer for 0xff5d99...
2026-05-16 22:44:29 | WARNING | ⚠️ BSCScan API key not configured, cannot check banned developer for 0xf3d5b4...
2026-05-16 22:44:29 | WARNING | ⚠️ BSCScan API key not configured, cannot check banned developer for 0x7e7ec1...
2026-05-16 22:44:29 | WARNING | ⚠️ BSCScan API key not configured, cannot check banned developer for 0x1d28d9...
2026-05-16 22:44:29 | WARNING | ⚠️ BSCScan API key not configured, cannot check banned developer for 0x997a58...
2026-05-16 22:44:29 | WARNING | ⚠️ BSCScan API key not configured, cannot check banned developer for 0xd82544...
2026-05-16 22:44:29 | WARNING | ⚠️ BSCScan API key not configured, cannot check banned developer for 0x11cf6b...
2026-05-16 22:44:29 | WARNING | ⚠️ BSCScan API key not configured, cannot check banned developer for 0x0a8d6c...
2026-05-16 22:44:29 | WARNING | ⚠️ BSCScan API key not configured, cannot check banned developer for 0x4f06c7...
2026-05-16 22:44:29 | WARNING | ⚠️ BSCScan API key not configured, cannot check banned developer for 0x912340...
2026-05-16 22:44:29 | WARNING | ⚠️ BSCScan API key not configured, cannot check banned developer for 0xeb2b7d...
2026-05-16 22:44:29 | WARNING | ⚠️ BSCScan API key not configured, cannot check banned developer for 0xea37a8...
2026-05-16 22:44:29 | WARNING | ⚠️ BSCScan API key not configured, cannot check banned developer for 0xb0b92d...
2026-05-16 22:44:29 | WARNING | ⚠️ BSCScan API key not configured, cannot check banned developer for 0x997a58...
2026-05-16 22:44:29 | WARNING | ⚠️ BSCScan API key not configured, cannot check banned developer for 0x6bdcce...
2026-05-16 22:44:29 | WARNING | ⚠️ BSCScan API key not configured, cannot check banned developer for 0x485d37...
2026-05-16 22:44:29 | WARNING | ⚠️ BSCScan API key not configured, cannot check banned developer for 0x1f12b8...
2026-05-16 22:44:29 | WARNING | ⚠️ BSCScan API key not configured, cannot check banned developer for 0x302dfa...
2026-05-16 22:44:29 | WARNING | ⚠️ BSCScan API key not configured, cannot check banned developer for 0xc07e13...
2026-05-16 22:44:29 | WARNING | ⚠️ BSCScan API key not configured, cannot check banned developer for 0x355f94...
2026-05-16 22:44:29 | INFO | 🔍 GeckoTerminal trending: ASTEROID - Vol: $461,319, Age: 22.34h, Established: False, NotPopular: True
2026-05-16 22:44:29 | WARNING | ⚠️ BSCScan API key not configured, cannot check banned developer for 0x208bf3...
2026-05-16 22:44:29 | WARNING | ⚠️ BSCScan API key not configured, cannot check banned developer for 0x9c17ba...
2026-05-16 22:44:29 | WARNING | ⚠️ BSCScan API key not configured, cannot check banned developer for 0xc74867...
2026-05-16 22:44:29 | WARNING | ⚠️ BSCScan API key not configured, cannot check banned developer for 0xd6b48c...
2026-05-16 22:44:29 | WARNING | ⚠️ BSCScan API key not configured, cannot check banned developer for 0x000008...
2026-05-16 22:44:29 | WARNING | ⚠️ BSCScan API key not configured, cannot check banned developer for 0xb7e51d...
2026-05-16 22:44:29 | WARNING | ⚠️ BSCScan API key not configured, cannot check banned developer for 0xcd1679...
2026-05-16 22:44:29 | WARNING | ⚠️ BSCScan API key not configured, cannot check banned developer for 0xd955c9...
2026-05-16 22:44:29 | INFO | Found 0 tokens matching criteria (new: vol >= $300,000 mcap >= $100,000 age < 2.0h | established: vol >= $2,000,000 age > 2.0h | max: vol <= $40,000,000)
2026-05-16 22:44:59 | ERROR | DexScreener token search error: 404
2026-05-16 22:44:59 | INFO | DexScreener USD1: fetched 0 USD1 BSC pairs
2026-05-16 22:44:59 | WARNING | GeckoTerminal rate limit (429) on page 7, waiting...
2026-05-16 22:44:59 | WARNING | GeckoTerminal trending rate limit (429) on page 3, waiting...
2026-05-16 22:44:59 | WARNING | GeckoTerminal rate limit (429) on page 3, waiting...
2026-05-16 22:44:59 | INFO | GeckoTerminal: fetched 20 pools (page 1)
2026-05-16 22:44:59 | INFO | GeckoTerminal USD1: fetched 20 USD1 BSC pools
2026-05-16 22:44:59 | INFO | DexScreener: fetched 20 BSC pairs
2026-05-16 22:44:59 | INFO | GeckoTerminal: fetched 20 pools (page 2)
2026-05-16 22:44:59 | INFO | GeckoTerminal: fetched 20 trending pools (page 1)
2026-05-16 22:44:59 | WARNING | GeckoTerminal rate limit (429) on page 11, waiting...
2026-05-16 22:44:59 | WARNING | GeckoTerminal rate limit (429) on page 12, waiting...
2026-05-16 22:44:59 | WARNING | GeckoTerminal rate limit (429) on page 4, waiting...
2026-05-16 22:44:59 | WARNING | GeckoTerminal rate limit (429) on page 8, waiting...
2026-05-16 22:44:59 | WARNING | GeckoTerminal trending rate limit (429) on page 2, waiting...
2026-05-16 22:44:59 | INFO | GeckoTerminal: fetched 20 pools (page 10)
2026-05-16 22:44:59 | INFO | GeckoTerminal: fetched 20 pools (page 9)
2026-05-16 22:44:59 | INFO | GeckoTerminal: fetched 20 pools (page 6)
2026-05-16 22:44:59 | INFO | GeckoTerminal: fetched 20 pools (page 5)
2026-05-16 22:45:01 | WARNING | ⚠️ BSCScan API key not configured, cannot check banned developer for 0x2e35af...
2026-05-16 22:45:01 | WARNING | ⚠️ BSCScan API key not configured, cannot check banned developer for 0x19d82f...
2026-05-16 22:45:01 | WARNING | ⚠️ BSCScan API key not configured, cannot check banned developer for 0xfa7632...
2026-05-16 22:45:01 | WARNING | ⚠️ BSCScan API key not configured, cannot check banned developer for 0xe6b89a...
2026-05-16 22:45:01 | WARNING | ⚠️ BSCScan API key not configured, cannot check banned developer for 0x138479...
2026-05-16 22:45:01 | WARNING | ⚠️ BSCScan API key not configured, cannot check banned developer for 0x5ee548...
2026-05-16 22:45:01 | WARNING | ⚠️ BSCScan API key not configured, cannot check banned developer for 0x40dac4...
2026-05-16 22:45:01 | WARNING | ⚠️ BSCScan API key not configured, cannot check banned developer for 0x54d3bc...
2026-05-16 22:45:01 | WARNING | ⚠️ BSCScan API key not configured, cannot check banned developer for 0x93ecd8...
2026-05-16 22:45:01 | WARNING | ⚠️ BSCScan API key not configured, cannot check banned developer for 0x6331bf...
2026-05-16 22:45:01 | WARNING | ⚠️ BSCScan API key not configured, cannot check banned developer for 0xbd831b...
2026-05-16 22:45:01 | WARNING | ⚠️ BSCScan API key not configured, cannot check banned developer for 0x6331bf...
2026-05-16 22:45:01 | WARNING | ⚠️ BSCScan API key not configured, cannot check banned developer for 0x6b4917...
2026-05-16 22:45:01 | WARNING | ⚠️ BSCScan API key not configured, cannot check banned developer for 0xf884c4...
2026-05-16 22:45:01 | WARNING | ⚠️ BSCScan API key not configured, cannot check banned developer for 0xb7ad5c...
2026-05-16 22:45:01 | WARNING | ⚠️ BSCScan API key not configured, cannot check banned developer for 0xb7ad5c...
2026-05-16 22:45:01 | WARNING | ⚠️ BSCScan API key not configured, cannot check banned developer for 0xbcb24a...
2026-05-16 22:45:01 | WARNING | ⚠️ BSCScan API key not configured, cannot check banned developer for 0x17bc01...
2026-05-16 22:45:01 | INFO | Processing 20 GeckoTerminal USD1 pools...
2026-05-16 22:45:01 | WARNING | ⚠️ BSCScan API key not configured, cannot check banned developer for 0xc08cd2...
2026-05-16 22:45:01 | INFO | 🔍 GeckoTerminal USD1 pool: CARV - Vol: $404, Age: 7990.40h, New: False, Established: False, NotPopular: True
2026-05-16 22:45:01 | WARNING | ⚠️ BSCScan API key not configured, cannot check banned developer for 0xfdffb4...
2026-05-16 22:45:01 | INFO | 🔍 GeckoTerminal USD1 pool: SAHARA - Vol: $203, Age: 7822.93h, New: False, Established: False, NotPopular: True
2026-05-16 22:45:01 | INFO | Parsed 2/20 GeckoTerminal USD1 pools
2026-05-16 22:45:01 | INFO | Processing 0 DexScreener USD1 pairs...
2026-05-16 22:45:01 | WARNING | ⚠️ BSCScan API key not configured, cannot check banned developer for 0xab1855...
2026-05-16 22:45:01 | WARNING | ⚠️ BSCScan API key not configured, cannot check banned developer for 0x747fb8...
2026-05-16 22:45:01 | WARNING | ⚠️ BSCScan API key not configured, cannot check banned developer for 0x80280b...
2026-05-16 22:45:01 | WARNING | ⚠️ BSCScan API key not configured, cannot check banned developer for 0x00d58c...
2026-05-16 22:45:01 | WARNING | ⚠️ BSCScan API key not configured, cannot check banned developer for 0x0af40a...
2026-05-16 22:45:01 | WARNING | ⚠️ BSCScan API key not configured, cannot check banned developer for 0x21b925...
2026-05-16 22:45:01 | WARNING | ⚠️ BSCScan API key not configured, cannot check banned developer for 0x6648fe...
2026-05-16 22:45:01 | WARNING | ⚠️ BSCScan API key not configured, cannot check banned developer for 0x0ab24e...
2026-05-16 22:45:01 | WARNING | ⚠️ BSCScan API key not configured, cannot check banned developer for 0xc72bd3...
2026-05-16 22:45:01 | WARNING | ⚠️ BSCScan API key not configured, cannot check banned developer for 0xbaceb2...
2026-05-16 22:45:01 | WARNING | ⚠️ BSCScan API key not configured, cannot check banned developer for 0x434ec9...
2026-05-16 22:45:01 | WARNING | ⚠️ BSCScan API key not configured, cannot check banned developer for 0xdf24f8...
2026-05-16 22:45:01 | WARNING | ⚠️ BSCScan API key not configured, cannot check banned developer for 0xfed56f...
2026-05-16 22:45:01 | WARNING | ⚠️ BSCScan API key not configured, cannot check banned developer for 0x5fca51...
2026-05-16 22:45:01 | WARNING | ⚠️ BSCScan API key not configured, cannot check banned developer for 0x7ec43c...
2026-05-16 22:45:01 | WARNING | ⚠️ BSCScan API key not configured, cannot check banned developer for 0x40b812...
2026-05-16 22:45:01 | WARNING | ⚠️ BSCScan API key not configured, cannot check banned developer for 0x169ec3...
2026-05-16 22:45:01 | WARNING | ⚠️ BSCScan API key not configured, cannot check banned developer for 0x5feccd...
2026-05-16 22:45:01 | WARNING | ⚠️ BSCScan API key not configured, cannot check banned developer for 0x53ec33...
2026-05-16 22:45:01 | WARNING | ⚠️ BSCScan API key not configured, cannot check banned developer for 0x976934...
2026-05-16 22:45:01 | WARNING | ⚠️ BSCScan API key not configured, cannot check banned developer for 0xed9ae3...
2026-05-16 22:45:01 | WARNING | ⚠️ BSCScan API key not configured, cannot check banned developer for 0xda7ad9...
2026-05-16 22:45:01 | WARNING | ⚠️ BSCScan API key not configured, cannot check banned developer for 0x55d398...
2026-05-16 22:45:01 | INFO | 🔍 GeckoTerminal trending: USDT - Vol: $243,180, Age: 4529.02h, Established: False, NotPopular: True
2026-05-16 22:45:01 | WARNING | ⚠️ BSCScan API key not configured, cannot check banned developer for 0x0c6919...
2026-05-16 22:45:01 | WARNING | ⚠️ BSCScan API key not configured, cannot check banned developer for 0x6ec903...
2026-05-16 22:45:01 | WARNING | ⚠️ BSCScan API key not configured, cannot check banned developer for 0xfab99f...
2026-05-16 22:45:01 | WARNING | ⚠️ BSCScan API key not configured, cannot check banned developer for 0x92aa03...
2026-05-16 22:45:01 | WARNING | ⚠️ BSCScan API key not configured, cannot check banned developer for 0xe0a281...
2026-05-16 22:45:01 | WARNING | ⚠️ BSCScan API key not configured, cannot check banned developer for 0x595dea...
2026-05-16 22:45:01 | WARNING | ⚠️ BSCScan API key not configured, cannot check banned developer for 0x53ec33...
2026-05-16 22:45:01 | INFO | Found 0 tokens matching criteria (new: vol >= $300,000 mcap >= $100,000 age < 2.0h | established: vol >= $2,000,000 age > 2.0h | max: vol <= $40,000,000)
2026-05-16 22:45:31 | ERROR | DexScreener token search error: 404
2026-05-16 22:45:31 | INFO | DexScreener USD1: fetched 0 USD1 BSC pairs
2026-05-16 22:45:31 | INFO | GeckoTerminal: fetched 20 pools (page 1)
2026-05-16 22:45:31 | INFO | GeckoTerminal: fetched 20 trending pools (page 1)
2026-05-16 22:45:31 | INFO | DexScreener: fetched 21 BSC pairs
2026-05-16 22:45:31 | WARNING | GeckoTerminal rate limit (429) on page 6, waiting...
2026-05-16 22:45:31 | WARNING | GeckoTerminal rate limit (429) on page 5, waiting...
2026-05-16 22:45:31 | WARNING | GeckoTerminal rate limit (429) on page 10, waiting...
2026-05-16 22:45:31 | WARNING | GeckoTerminal rate limit (429) on page 9, waiting...
2026-05-16 22:45:31 | INFO | GeckoTerminal: fetched 20 trending pools (page 2)
2026-05-16 22:45:31 | INFO | GeckoTerminal: fetched 20 pools (page 2)
2026-05-16 22:45:31 | INFO | GeckoTerminal: fetched 20 pools (page 3)
2026-05-16 22:45:31 | WARNING | GeckoTerminal unauthorized (401) on page 11
2026-05-16 22:45:31 | WARNING | GeckoTerminal unauthorized (401) on page 12
2026-05-16 22:45:31 | INFO | GeckoTerminal: fetched 20 pools (page 7)
2026-05-16 22:45:31 | INFO | GeckoTerminal: fetched 20 pools (page 4)
2026-05-16 22:45:32 | INFO | GeckoTerminal: fetched 20 pools (page 8)
2026-05-16 22:45:32 | INFO | GeckoTerminal: fetched 20 trending pools (page 3)
2026-05-16 22:45:32 | INFO | GeckoTerminal USD1: fetched 20 USD1 BSC pools
2026-05-16 22:45:33 | WARNING | ⚠️ BSCScan API key not configured, cannot check banned developer for 0x2e35af...
2026-05-16 22:45:33 | WARNING | ⚠️ BSCScan API key not configured, cannot check banned developer for 0x19d82f...
2026-05-16 22:45:33 | WARNING | ⚠️ BSCScan API key not configured, cannot check banned developer for 0xfa7632...
2026-05-16 22:45:33 | WARNING | ⚠️ BSCScan API key not configured, cannot check banned developer for 0xe6b89a...
2026-05-16 22:45:33 | WARNING | ⚠️ BSCScan API key not configured, cannot check banned developer for 0x138479...
2026-05-16 22:45:33 | WARNING | ⚠️ BSCScan API key not configured, cannot check banned developer for 0x5ee548...
2026-05-16 22:45:33 | WARNING | ⚠️ BSCScan API key not configured, cannot check banned developer for 0x40dac4...
2026-05-16 22:45:33 | WARNING | ⚠️ BSCScan API key not configured, cannot check banned developer for 0x54d3bc...
2026-05-16 22:45:33 | WARNING | ⚠️ BSCScan API key not configured, cannot check banned developer for 0x93ecd8...
2026-05-16 22:45:33 | WARNING | ⚠️ BSCScan API key not configured, cannot check banned developer for 0x6331bf...
2026-05-16 22:45:33 | WARNING | ⚠️ BSCScan API key not configured, cannot check banned developer for 0xbd831b...
2026-05-16 22:45:33 | WARNING | ⚠️ BSCScan API key not configured, cannot check banned developer for 0x6331bf...
2026-05-16 22:45:33 | WARNING | ⚠️ BSCScan API key not configured, cannot check banned developer for 0x6b4917...
2026-05-16 22:45:33 | WARNING | ⚠️ BSCScan API key not configured, cannot check banned developer for 0xf884c4...
2026-05-16 22:45:33 | WARNING | ⚠️ BSCScan API key not configured, cannot check banned developer for 0xb7ad5c...
2026-05-16 22:45:33 | WARNING | ⚠️ BSCScan API key not configured, cannot check banned developer for 0xb7ad5c...
2026-05-16 22:45:33 | WARNING | ⚠️ BSCScan API key not configured, cannot check banned developer for 0xbcb24a...
2026-05-16 22:45:33 | WARNING | ⚠️ BSCScan API key not configured, cannot check banned developer for 0xbcb24a...
2026-05-16 22:45:33 | WARNING | ⚠️ BSCScan API key not configured, cannot check banned developer for 0x17bc01...
2026-05-16 22:45:33 | INFO | Processing 20 GeckoTerminal USD1 pools...
2026-05-16 22:45:33 | WARNING | ⚠️ BSCScan API key not configured, cannot check banned developer for 0xc08cd2...
2026-05-16 22:45:33 | INFO | 🔍 GeckoTerminal USD1 pool: CARV - Vol: $404, Age: 7990.41h, New: False, Established: False, NotPopular: True
2026-05-16 22:45:33 | WARNING | ⚠️ BSCScan API key not configured, cannot check banned developer for 0xfdffb4...
2026-05-16 22:45:33 | INFO | 🔍 GeckoTerminal USD1 pool: SAHARA - Vol: $252, Age: 7822.94h, New: False, Established: False, NotPopular: True
2026-05-16 22:45:33 | INFO | Parsed 2/20 GeckoTerminal USD1 pools
2026-05-16 22:45:33 | INFO | Processing 0 DexScreener USD1 pairs...
2026-05-16 22:45:33 | WARNING | ⚠️ BSCScan API key not configured, cannot check banned developer for 0xa74414...
2026-05-16 22:45:33 | WARNING | ⚠️ BSCScan API key not configured, cannot check banned developer for 0xab1855...
2026-05-16 22:45:33 | WARNING | ⚠️ BSCScan API key not configured, cannot check banned developer for 0x747fb8...
2026-05-16 22:45:33 | WARNING | ⚠️ BSCScan API key not configured, cannot check banned developer for 0x80280b...
2026-05-16 22:45:33 | WARNING | ⚠️ BSCScan API key not configured, cannot check banned developer for 0x00d58c...
2026-05-16 22:45:33 | WARNING | ⚠️ BSCScan API key not configured, cannot check banned developer for 0x0af40a...
2026-05-16 22:45:33 | WARNING | ⚠️ BSCScan API key not configured, cannot check banned developer for 0x21b925...
2026-05-16 22:45:33 | WARNING | ⚠️ BSCScan API key not configured, cannot check banned developer for 0x36f989...
2026-05-16 22:45:33 | WARNING | ⚠️ BSCScan API key not configured, cannot check banned developer for 0x26d33c...
2026-05-16 22:45:33 | WARNING | ⚠️ BSCScan API key not configured, cannot check banned developer for 0x35bfaf...
2026-05-16 22:45:33 | WARNING | ⚠️ BSCScan API key not configured, cannot check banned developer for 0x7afd51...
2026-05-16 22:45:33 | WARNING | ⚠️ BSCScan API key not configured, cannot check banned developer for 0x58ced8...
2026-05-16 22:45:33 | WARNING | ⚠️ BSCScan API key not configured, cannot check banned developer for 0x1526ad...
2026-05-16 22:45:33 | WARNING | ⚠️ BSCScan API key not configured, cannot check banned developer for 0xf686fc...
2026-05-16 22:45:33 | WARNING | ⚠️ BSCScan API key not configured, cannot check banned developer for 0x15c401...
2026-05-16 22:45:33 | WARNING | ⚠️ BSCScan API key not configured, cannot check banned developer for 0xe972be...
2026-05-16 22:45:33 | WARNING | ⚠️ BSCScan API key not configured, cannot check banned developer for 0xb11372...
2026-05-16 22:45:33 | WARNING | ⚠️ BSCScan API key not configured, cannot check banned developer for 0x5ec36d...
2026-05-16 22:45:33 | WARNING | ⚠️ BSCScan API key not configured, cannot check banned developer for 0xdf24f8...
2026-05-16 22:45:33 | WARNING | ⚠️ BSCScan API key not configured, cannot check banned developer for 0xfed56f...
2026-05-16 22:45:33 | WARNING | ⚠️ BSCScan API key not configured, cannot check banned developer for 0x5fca51...
2026-05-16 22:45:33 | WARNING | ⚠️ BSCScan API key not configured, cannot check banned developer for 0x7ec43c...
2026-05-16 22:45:33 | WARNING | ⚠️ BSCScan API key not configured, cannot check banned developer for 0x40b812...
2026-05-16 22:45:33 | WARNING | ⚠️ BSCScan API key not configured, cannot check banned developer for 0x169ec3...
2026-05-16 22:45:33 | WARNING | ⚠️ BSCScan API key not configured, cannot check banned developer for 0x5feccd...
2026-05-16 22:45:33 | WARNING | ⚠️ BSCScan API key not configured, cannot check banned developer for 0x53ec33...
2026-05-16 22:45:33 | WARNING | ⚠️ BSCScan API key not configured, cannot check banned developer for 0x976934...
2026-05-16 22:45:33 | WARNING | ⚠️ BSCScan API key not configured, cannot check banned developer for 0xed9ae3...
2026-05-16 22:45:33 | WARNING | ⚠️ BSCScan API key not configured, cannot check banned developer for 0xda7ad9...
2026-05-16 22:45:33 | WARNING | ⚠️ BSCScan API key not configured, cannot check banned developer for 0x55d398...
2026-05-16 22:45:33 | INFO | 🔍 GeckoTerminal trending: USDT - Vol: $307,732, Age: 4529.02h, Established: False, NotPopular: True
2026-05-16 22:45:33 | WARNING | ⚠️ BSCScan API key not configured, cannot check banned developer for 0x0c6919...
2026-05-16 22:45:33 | WARNING | ⚠️ BSCScan API key not configured, cannot check banned developer for 0x6ec903...
2026-05-16 22:45:33 | WARNING | ⚠️ BSCScan API key not configured, cannot check banned developer for 0xfab99f...
2026-05-16 22:45:33 | WARNING | ⚠️ BSCScan API key not configured, cannot check banned developer for 0x92aa03...
2026-05-16 22:45:33 | WARNING | ⚠️ BSCScan API key not configured, cannot check banned developer for 0xe0a281...
2026-05-16 22:45:33 | WARNING | ⚠️ BSCScan API key not configured, cannot check banned developer for 0x595dea...
2026-05-16 22:45:33 | WARNING | ⚠️ BSCScan API key not configured, cannot check banned developer for 0x53ec33...
2026-05-16 22:45:33 | WARNING | ⚠️ BSCScan API key not configured, cannot check banned developer for 0x4b3d30...
2026-05-16 22:45:33 | WARNING | ⚠️ BSCScan API key not configured, cannot check banned developer for 0x91152b...
2026-05-16 22:45:33 | WARNING | ⚠️ BSCScan API key not configured, cannot check banned developer for 0xcae117...
2026-05-16 22:45:33 | WARNING | ⚠️ BSCScan API key not configured, cannot check banned developer for 0x0f0df6...
2026-05-16 22:45:33 | WARNING | ⚠️ BSCScan API key not configured, cannot check banned developer for 0x539ae8...
2026-05-16 22:45:33 | WARNING | ⚠️ BSCScan API key not configured, cannot check banned developer for 0x6dc200...
2026-05-16 22:45:33 | WARNING | ⚠️ BSCScan API key not configured, cannot check banned developer for 0x984065...
2026-05-16 22:45:33 | WARNING | ⚠️ BSCScan API key not configured, cannot check banned developer for 0xff5d99...
2026-05-16 22:45:33 | WARNING | ⚠️ BSCScan API key not configured, cannot check banned developer for 0xf3d5b4...
2026-05-16 22:45:33 | WARNING | ⚠️ BSCScan API key not configured, cannot check banned developer for 0x7e7ec1...
2026-05-16 22:45:33 | WARNING | ⚠️ BSCScan API key not configured, cannot check banned developer for 0x1d28d9...
2026-05-16 22:45:33 | WARNING | ⚠️ BSCScan API key not configured, cannot check banned developer for 0x997a58...
2026-05-16 22:45:33 | WARNING | ⚠️ BSCScan API key not configured, cannot check banned developer for 0xd82544...
2026-05-16 22:45:33 | WARNING | ⚠️ BSCScan API key not configured, cannot check banned developer for 0x11cf6b...
2026-05-16 22:45:33 | WARNING | ⚠️ BSCScan API key not configured, cannot check banned developer for 0x0a8d6c...
2026-05-16 22:45:33 | WARNING | ⚠️ BSCScan API key not configured, cannot check banned developer for 0x4f06c7...
2026-05-16 22:45:33 | WARNING | ⚠️ BSCScan API key not configured, cannot check banned developer for 0x912340...
2026-05-16 22:45:33 | WARNING | ⚠️ BSCScan API key not configured, cannot check banned developer for 0xeb2b7d...
2026-05-16 22:45:33 | WARNING | ⚠️ BSCScan API key not configured, cannot check banned developer for 0xea37a8...
2026-05-16 22:45:33 | WARNING | ⚠️ BSCScan API key not configured, cannot check banned developer for 0xb0b92d...
2026-05-16 22:45:33 | WARNING | ⚠️ BSCScan API key not configured, cannot check banned developer for 0x997a58...
2026-05-16 22:45:33 | WARNING | ⚠️ BSCScan API key not configured, cannot check banned developer for 0x6bdcce...
2026-05-16 22:45:33 | WARNING | ⚠️ BSCScan API key not configured, cannot check banned developer for 0x485d37...
2026-05-16 22:45:33 | WARNING | ⚠️ BSCScan API key not configured, cannot check banned developer for 0x1f12b8...
2026-05-16 22:45:33 | WARNING | ⚠️ BSCScan API key not configured, cannot check banned developer for 0x302dfa...
2026-05-16 22:45:33 | WARNING | ⚠️ BSCScan API key not configured, cannot check banned developer for 0xc07e13...
2026-05-16 22:45:33 | WARNING | ⚠️ BSCScan API key not configured, cannot check banned developer for 0x355f94...
2026-05-16 22:45:33 | INFO | 🔍 GeckoTerminal trending: ASTEROID - Vol: $606,298, Age: 22.36h, Established: False, NotPopular: True
2026-05-16 22:45:33 | WARNING | ⚠️ BSCScan API key not configured, cannot check banned developer for 0x208bf3...
2026-05-16 22:45:33 | WARNING | ⚠️ BSCScan API key not configured, cannot check banned developer for 0x9c17ba...
2026-05-16 22:45:33 | WARNING | ⚠️ BSCScan API key not configured, cannot check banned developer for 0xc74867...
2026-05-16 22:45:33 | WARNING | ⚠️ BSCScan API key not configured, cannot check banned developer for 0xd6b48c...
2026-05-16 22:45:33 | WARNING | ⚠️ BSCScan API key not configured, cannot check banned developer for 0x000008...
2026-05-16 22:45:33 | WARNING | ⚠️ BSCScan API key not configured, cannot check banned developer for 0xb7e51d...
2026-05-16 22:45:33 | WARNING | ⚠️ BSCScan API key not configured, cannot check banned developer for 0xcd1679...
2026-05-16 22:45:33 | WARNING | ⚠️ BSCScan API key not configured, cannot check banned developer for 0xd955c9...
2026-05-16 22:45:33 | INFO | Found 0 tokens matching criteria (new: vol >= $300,000 mcap >= $100,000 age < 2.0h | established: vol >= $2,000,000 age > 2.0h | max: vol <= $40,000,000)
2026-05-16 22:46:34 | INFO | ==================================================
2026-05-16 22:46:34 | INFO | Starting New Tokens Monitor Bot
2026-05-16 22:46:34 | INFO | NEW TOKENS (< 2.0h): MIN_VOLUME $300,000, MIN_MCAP $100,000
2026-05-16 22:46:34 | INFO | ESTABLISHED TOKENS (> 2.0h): MIN_VOLUME $2,000,000
2026-05-16 22:46:34 | INFO | MAX VOLUME FILTER: $40,000,000 (exclude too popular tokens)
2026-05-16 22:46:34 | INFO | SKIP HOLDERS CHECK: $1,000,000+ volume (high volume tokens)
2026-05-16 22:46:34 | INFO | STABILITY_CHECKS: 2 (~1 min)
2026-05-16 22:46:34 | INFO | SCAN_INTERVAL: 30s
2026-05-16 22:46:34 | INFO | ==================================================
2026-05-16 22:46:34 | ERROR | DexScreener token search error: 404
2026-05-16 22:46:34 | INFO | DexScreener USD1: fetched 0 USD1 BSC pairs
2026-05-16 22:46:34 | INFO | DexScreener: fetched 20 BSC pairs
2026-05-16 22:46:34 | INFO | GeckoTerminal: fetched 20 pools (page 1)
2026-05-16 22:46:34 | INFO | GeckoTerminal: fetched 20 trending pools (page 1)
2026-05-16 22:46:34 | INFO | GeckoTerminal: fetched 20 pools (page 2)
2026-05-16 22:46:34 | INFO | GeckoTerminal: fetched 20 pools (page 3)
2026-05-16 22:46:34 | WARNING | GeckoTerminal unauthorized (401) on page 11
2026-05-16 22:46:34 | WARNING | GeckoTerminal unauthorized (401) on page 12
2026-05-16 22:46:34 | INFO | GeckoTerminal: fetched 20 pools (page 4)
2026-05-16 22:46:34 | INFO | GeckoTerminal: fetched 20 pools (page 6)
2026-05-16 22:46:34 | INFO | GeckoTerminal: fetched 20 pools (page 10)
2026-05-16 22:46:34 | INFO | GeckoTerminal: fetched 20 pools (page 9)
2026-05-16 22:46:34 | INFO | GeckoTerminal: fetched 20 pools (page 8)
2026-05-16 22:46:34 | INFO | GeckoTerminal: fetched 20 pools (page 5)
2026-05-16 22:46:35 | INFO | GeckoTerminal: fetched 20 pools (page 7)
2026-05-16 22:46:35 | INFO | GeckoTerminal: fetched 20 trending pools (page 3)
2026-05-16 22:46:35 | INFO | GeckoTerminal: fetched 20 trending pools (page 2)
2026-05-16 22:46:35 | INFO | GeckoTerminal USD1: fetched 20 USD1 BSC pools
2026-05-16 22:46:35 | WARNING | ⚠️ BSCScan API key not configured, cannot check banned developer for 0xd3d2f9...
2026-05-16 22:46:35 | WARNING | ⚠️ BSCScan API key not configured, cannot check banned developer for 0x2e35af...
2026-05-16 22:46:35 | WARNING | ⚠️ BSCScan API key not configured, cannot check banned developer for 0x19d82f...
2026-05-16 22:46:35 | WARNING | ⚠️ BSCScan API key not configured, cannot check banned developer for 0xfa7632...
2026-05-16 22:46:35 | WARNING | ⚠️ BSCScan API key not configured, cannot check banned developer for 0xe6b89a...
2026-05-16 22:46:35 | WARNING | ⚠️ BSCScan API key not configured, cannot check banned developer for 0x138479...
2026-05-16 22:46:35 | WARNING | ⚠️ BSCScan API key not configured, cannot check banned developer for 0x5ee548...
2026-05-16 22:46:35 | WARNING | ⚠️ BSCScan API key not configured, cannot check banned developer for 0x40dac4...
2026-05-16 22:46:35 | WARNING | ⚠️ BSCScan API key not configured, cannot check banned developer for 0x54d3bc...
2026-05-16 22:46:35 | WARNING | ⚠️ BSCScan API key not configured, cannot check banned developer for 0x93ecd8...
2026-05-16 22:46:35 | WARNING | ⚠️ BSCScan API key not configured, cannot check banned developer for 0x6331bf...
2026-05-16 22:46:35 | WARNING | ⚠️ BSCScan API key not configured, cannot check banned developer for 0xbd831b...
2026-05-16 22:46:35 | WARNING | ⚠️ BSCScan API key not configured, cannot check banned developer for 0x6331bf...
2026-05-16 22:46:35 | WARNING | ⚠️ BSCScan API key not configured, cannot check banned developer for 0x6b4917...
2026-05-16 22:46:35 | WARNING | ⚠️ BSCScan API key not configured, cannot check banned developer for 0xf884c4...
2026-05-16 22:46:35 | WARNING | ⚠️ BSCScan API key not configured, cannot check banned developer for 0xb7ad5c...
2026-05-16 22:46:35 | WARNING | ⚠️ BSCScan API key not configured, cannot check banned developer for 0xb7ad5c...
2026-05-16 22:46:37 | WARNING | ⚠️ BSCScan API key not configured, cannot check banned developer for 0x17bc01...
2026-05-16 22:46:37 | INFO | Processing 20 GeckoTerminal USD1 pools...
2026-05-16 22:46:37 | WARNING | ⚠️ BSCScan API key not configured, cannot check banned developer for 0xc08cd2...
2026-05-16 22:46:37 | INFO | 🔍 GeckoTerminal USD1 pool: CARV - Vol: $404, Age: 7990.43h, New: False, Established: False, NotPopular: True
2026-05-16 22:46:37 | WARNING | ⚠️ BSCScan API key not configured, cannot check banned developer for 0xfdffb4...
2026-05-16 22:46:37 | INFO | 🔍 GeckoTerminal USD1 pool: SAHARA - Vol: $386, Age: 7822.96h, New: False, Established: False, NotPopular: True
2026-05-16 22:46:37 | INFO | Parsed 2/20 GeckoTerminal USD1 pools
2026-05-16 22:46:37 | INFO | Processing 0 DexScreener USD1 pairs...
2026-05-16 22:46:37 | WARNING | ⚠️ BSCScan API key not configured, cannot check banned developer for 0x1b145a...
2026-05-16 22:46:37 | WARNING | ⚠️ BSCScan API key not configured, cannot check banned developer for 0x2d23de...
2026-05-16 22:46:37 | WARNING | ⚠️ BSCScan API key not configured, cannot check banned developer for 0xa74414...
2026-05-16 22:46:37 | WARNING | ⚠️ BSCScan API key not configured, cannot check banned developer for 0xab1855...
2026-05-16 22:46:37 | WARNING | ⚠️ BSCScan API key not configured, cannot check banned developer for 0x747fb8...
2026-05-16 22:46:37 | WARNING | ⚠️ BSCScan API key not configured, cannot check banned developer for 0x00d58c...
2026-05-16 22:46:37 | WARNING | ⚠️ BSCScan API key not configured, cannot check banned developer for 0x0af40a...
2026-05-16 22:46:37 | WARNING | ⚠️ BSCScan API key not configured, cannot check banned developer for 0x0af40a...
2026-05-16 22:46:37 | WARNING | ⚠️ BSCScan API key not configured, cannot check banned developer for 0x21b925...
2026-05-16 22:46:37 | WARNING | ⚠️ BSCScan API key not configured, cannot check banned developer for 0x36f989...
2026-05-16 22:46:37 | WARNING | ⚠️ BSCScan API key not configured, cannot check banned developer for 0x26d33c...
2026-05-16 22:46:37 | WARNING | ⚠️ BSCScan API key not configured, cannot check banned developer for 0x35bfaf...
2026-05-16 22:46:37 | WARNING | ⚠️ BSCScan API key not configured, cannot check banned developer for 0x35bfaf...
2026-05-16 22:46:37 | WARNING | ⚠️ BSCScan API key not configured, cannot check banned developer for 0x7afd51...
2026-05-16 22:46:37 | WARNING | ⚠️ BSCScan API key not configured, cannot check banned developer for 0x58ced8...
2026-05-16 22:46:37 | WARNING | ⚠️ BSCScan API key not configured, cannot check banned developer for 0x1526ad...
2026-05-16 22:46:37 | WARNING | ⚠️ BSCScan API key not configured, cannot check banned developer for 0xf686fc...
2026-05-16 22:46:37 | WARNING | ⚠️ BSCScan API key not configured, cannot check banned developer for 0x15c401...
2026-05-16 22:46:37 | WARNING | ⚠️ BSCScan API key not configured, cannot check banned developer for 0x6648fe...
2026-05-16 22:46:37 | WARNING | ⚠️ BSCScan API key not configured, cannot check banned developer for 0xdf24f8...
2026-05-16 22:46:37 | WARNING | ⚠️ BSCScan API key not configured, cannot check banned developer for 0x0f9bd8...
2026-05-16 22:46:37 | WARNING | ⚠️ BSCScan API key not configured, cannot check banned developer for 0x758dae...
2026-05-16 22:46:37 | WARNING | ⚠️ BSCScan API key not configured, cannot check banned developer for 0xc72bd3...
2026-05-16 22:46:37 | WARNING | ⚠️ BSCScan API key not configured, cannot check banned developer for 0xbaceb2...
2026-05-16 22:46:37 | WARNING | ⚠️ BSCScan API key not configured, cannot check banned developer for 0xe972be...
2026-05-16 22:46:37 | WARNING | ⚠️ BSCScan API key not configured, cannot check banned developer for 0xb11372...
2026-05-16 22:46:37 | WARNING | ⚠️ BSCScan API key not configured, cannot check banned developer for 0x5ec36d...
2026-05-16 22:46:37 | WARNING | ⚠️ BSCScan API key not configured, cannot check banned developer for 0x84079e...
2026-05-16 22:46:37 | WARNING | ⚠️ BSCScan API key not configured, cannot check banned developer for 0x434ec9...
2026-05-16 22:46:37 | WARNING | ⚠️ BSCScan API key not configured, cannot check banned developer for 0xdf24f8...
2026-05-16 22:46:37 | WARNING | ⚠️ BSCScan API key not configured, cannot check banned developer for 0xfed56f...
2026-05-16 22:46:37 | WARNING | ⚠️ BSCScan API key not configured, cannot check banned developer for 0x5fca51...
2026-05-16 22:46:37 | WARNING | ⚠️ BSCScan API key not configured, cannot check banned developer for 0x7ec43c...
2026-05-16 22:46:37 | WARNING | ⚠️ BSCScan API key not configured, cannot check banned developer for 0x40b812...
2026-05-16 22:46:37 | WARNING | ⚠️ BSCScan API key not configured, cannot check banned developer for 0x169ec3...
2026-05-16 22:46:37 | WARNING | ⚠️ BSCScan API key not configured, cannot check banned developer for 0x5feccd...
2026-05-16 22:46:37 | WARNING | ⚠️ BSCScan API key not configured, cannot check banned developer for 0x53ec33...
2026-05-16 22:46:37 | WARNING | ⚠️ BSCScan API key not configured, cannot check banned developer for 0x976934...
2026-05-16 22:46:37 | WARNING | ⚠️ BSCScan API key not configured, cannot check banned developer for 0xed9ae3...
2026-05-16 22:46:37 | WARNING | ⚠️ BSCScan API key not configured, cannot check banned developer for 0xda7ad9...
2026-05-16 22:46:37 | WARNING | ⚠️ BSCScan API key not configured, cannot check banned developer for 0x55d398...
2026-05-16 22:46:37 | INFO | 🔍 GeckoTerminal trending: USDT - Vol: $400,513, Age: 4529.04h, Established: False, NotPopular: True
2026-05-16 22:46:37 | WARNING | ⚠️ BSCScan API key not configured, cannot check banned developer for 0x0c6919...
2026-05-16 22:46:37 | WARNING | ⚠️ BSCScan API key not configured, cannot check banned developer for 0x6ec903...
2026-05-16 22:46:37 | WARNING | ⚠️ BSCScan API key not configured, cannot check banned developer for 0xfab99f...
2026-05-16 22:46:37 | WARNING | ⚠️ BSCScan API key not configured, cannot check banned developer for 0x92aa03...
2026-05-16 22:46:37 | WARNING | ⚠️ BSCScan API key not configured, cannot check banned developer for 0xe0a281...
2026-05-16 22:46:37 | WARNING | ⚠️ BSCScan API key not configured, cannot check banned developer for 0x595dea...
2026-05-16 22:46:37 | WARNING | ⚠️ BSCScan API key not configured, cannot check banned developer for 0x53ec33...
2026-05-16 22:46:37 | WARNING | ⚠️ BSCScan API key not configured, cannot check banned developer for 0x4b3d30...
2026-05-16 22:46:37 | WARNING | ⚠️ BSCScan API key not configured, cannot check banned developer for 0x91152b...
2026-05-16 22:46:37 | WARNING | ⚠️ BSCScan API key not configured, cannot check banned developer for 0xcae117...
2026-05-16 22:46:37 | WARNING | ⚠️ BSCScan API key not configured, cannot check banned developer for 0x0f0df6...
2026-05-16 22:46:37 | WARNING | ⚠️ BSCScan API key not configured, cannot check banned developer for 0x539ae8...
2026-05-16 22:46:37 | WARNING | ⚠️ BSCScan API key not configured, cannot check banned developer for 0x6dc200...
2026-05-16 22:46:37 | WARNING | ⚠️ BSCScan API key not configured, cannot check banned developer for 0x984065...
2026-05-16 22:46:37 | WARNING | ⚠️ BSCScan API key not configured, cannot check banned developer for 0xff5d99...
2026-05-16 22:46:37 | WARNING | ⚠️ BSCScan API key not configured, cannot check banned developer for 0xf3d5b4...
2026-05-16 22:46:37 | WARNING | ⚠️ BSCScan API key not configured, cannot check banned developer for 0x7e7ec1...
2026-05-16 22:46:37 | WARNING | ⚠️ BSCScan API key not configured, cannot check banned developer for 0x1d28d9...
2026-05-16 22:46:37 | WARNING | ⚠️ BSCScan API key not configured, cannot check banned developer for 0x997a58...
2026-05-16 22:46:37 | WARNING | ⚠️ BSCScan API key not configured, cannot check banned developer for 0xd82544...
2026-05-16 22:46:37 | WARNING | ⚠️ BSCScan API key not configured, cannot check banned developer for 0x11cf6b...
2026-05-16 22:46:37 | WARNING | ⚠️ BSCScan API key not configured, cannot check banned developer for 0x0a8d6c...
2026-05-16 22:46:37 | WARNING | ⚠️ BSCScan API key not configured, cannot check banned developer for 0x4f06c7...
2026-05-16 22:46:37 | WARNING | ⚠️ BSCScan API key not configured, cannot check banned developer for 0x912340...
2026-05-16 22:46:37 | WARNING | ⚠️ BSCScan API key not configured, cannot check banned developer for 0xeb2b7d...
2026-05-16 22:46:37 | WARNING | ⚠️ BSCScan API key not configured, cannot check banned developer for 0xea37a8...
2026-05-16 22:46:37 | WARNING | ⚠️ BSCScan API key not configured, cannot check banned developer for 0xb0b92d...
2026-05-16 22:46:37 | WARNING | ⚠️ BSCScan API key not configured, cannot check banned developer for 0x997a58...
2026-05-16 22:46:37 | WARNING | ⚠️ BSCScan API key not configured, cannot check banned developer for 0x6bdcce...
2026-05-16 22:46:37 | WARNING | ⚠️ BSCScan API key not configured, cannot check banned developer for 0x485d37...
2026-05-16 22:46:37 | WARNING | ⚠️ BSCScan API key not configured, cannot check banned developer for 0x1f12b8...
2026-05-16 22:46:37 | WARNING | ⚠️ BSCScan API key not configured, cannot check banned developer for 0x302dfa...
2026-05-16 22:46:37 | WARNING | ⚠️ BSCScan API key not configured, cannot check banned developer for 0xc07e13...
2026-05-16 22:46:37 | WARNING | ⚠️ BSCScan API key not configured, cannot check banned developer for 0x355f94...
2026-05-16 22:46:37 | WARNING | ⚠️ BSCScan API key not configured, cannot check banned developer for 0x208bf3...
2026-05-16 22:46:37 | WARNING | ⚠️ BSCScan API key not configured, cannot check banned developer for 0x9c17ba...
2026-05-16 22:46:37 | WARNING | ⚠️ BSCScan API key not configured, cannot check banned developer for 0xc74867...
2026-05-16 22:46:37 | WARNING | ⚠️ BSCScan API key not configured, cannot check banned developer for 0xd6b48c...
2026-05-16 22:46:37 | WARNING | ⚠️ BSCScan API key not configured, cannot check banned developer for 0x000008...
2026-05-16 22:46:37 | WARNING | ⚠️ BSCScan API key not configured, cannot check banned developer for 0xb7e51d...
2026-05-16 22:46:37 | WARNING | ⚠️ BSCScan API key not configured, cannot check banned developer for 0xcd1679...
2026-05-16 22:46:37 | WARNING | ⚠️ BSCScan API key not configured, cannot check banned developer for 0xd955c9...
2026-05-16 22:46:37 | INFO | Found 0 tokens matching criteria (new: vol >= $300,000 mcap >= $100,000 age < 2.0h | established: vol >= $2,000,000 age > 2.0h | max: vol <= $40,000,000)
2026-05-16 22:47:29 | INFO | ==================================================
2026-05-16 22:47:29 | INFO | Starting New Tokens Monitor Bot
2026-05-16 22:47:29 | INFO | NEW TOKENS (< 2.0h): MIN_VOLUME $300,000, MIN_MCAP $100,000
2026-05-16 22:47:29 | INFO | ESTABLISHED TOKENS (> 2.0h): MIN_VOLUME $2,000,000
2026-05-16 22:47:29 | INFO | MAX VOLUME FILTER: $40,000,000 (exclude too popular tokens)
2026-05-16 22:47:29 | INFO | SKIP HOLDERS CHECK: $1,000,000+ volume (high volume tokens)
2026-05-16 22:47:29 | INFO | STABILITY_CHECKS: 2 (~1 min)
2026-05-16 22:47:29 | INFO | SCAN_INTERVAL: 30s
2026-05-16 22:47:29 | INFO | ==================================================
2026-05-16 22:47:29 | INFO | GeckoTerminal USD1: fetched 20 USD1 BSC pools
2026-05-16 22:47:29 | INFO | GeckoTerminal: fetched 20 trending pools (page 2)
2026-05-16 22:47:29 | INFO | GeckoTerminal: fetched 20 trending pools (page 3)
2026-05-16 22:47:29 | WARNING | GeckoTerminal rate limit (429) on page 1, waiting...
2026-05-16 22:47:29 | WARNING | GeckoTerminal rate limit (429) on page 8, waiting...
2026-05-16 22:47:29 | WARNING | GeckoTerminal rate limit (429) on page 3, waiting...
2026-05-16 22:47:29 | WARNING | GeckoTerminal rate limit (429) on page 7, waiting...
2026-05-16 22:47:29 | WARNING | GeckoTerminal rate limit (429) on page 9, waiting...
2026-05-16 22:47:29 | WARNING | GeckoTerminal rate limit (429) on page 12, waiting...
2026-05-16 22:47:29 | WARNING | GeckoTerminal rate limit (429) on page 4, waiting...
2026-05-16 22:47:29 | WARNING | GeckoTerminal rate limit (429) on page 6, waiting...
2026-05-16 22:47:29 | WARNING | GeckoTerminal rate limit (429) on page 10, waiting...
2026-05-16 22:47:29 | WARNING | GeckoTerminal rate limit (429) on page 5, waiting...
2026-05-16 22:47:29 | WARNING | GeckoTerminal trending rate limit (429) on page 1, waiting...
2026-05-16 22:47:29 | WARNING | GeckoTerminal rate limit (429) on page 2, waiting...
2026-05-16 22:47:29 | WARNING | GeckoTerminal rate limit (429) on page 11, waiting...
2026-05-16 22:47:29 | ERROR | DexScreener token search error: 404
2026-05-16 22:47:29 | INFO | DexScreener USD1: fetched 0 USD1 BSC pairs
2026-05-16 22:47:30 | INFO | DexScreener: fetched 20 BSC pairs
2026-05-16 22:47:31 | WARNING | ⚠️ BSCScan API key not configured, cannot check banned developer for 0x2e35af...
2026-05-16 22:47:31 | WARNING | ⚠️ BSCScan API key not configured, cannot check banned developer for 0x19d82f...
2026-05-16 22:47:31 | WARNING | ⚠️ BSCScan API key not configured, cannot check banned developer for 0xfa7632...
2026-05-16 22:47:31 | WARNING | ⚠️ BSCScan API key not configured, cannot check banned developer for 0xe6b89a...
2026-05-16 22:47:31 | WARNING | ⚠️ BSCScan API key not configured, cannot check banned developer for 0x138479...
2026-05-16 22:47:31 | WARNING | ⚠️ BSCScan API key not configured, cannot check banned developer for 0x5ee548...
2026-05-16 22:47:31 | WARNING | ⚠️ BSCScan API key not configured, cannot check banned developer for 0x40dac4...
2026-05-16 22:47:31 | WARNING | ⚠️ BSCScan API key not configured, cannot check banned developer for 0x54d3bc...
2026-05-16 22:47:31 | WARNING | ⚠️ BSCScan API key not configured, cannot check banned developer for 0x93ecd8...
2026-05-16 22:47:31 | WARNING | ⚠️ BSCScan API key not configured, cannot check banned developer for 0x6331bf...
2026-05-16 22:47:31 | WARNING | ⚠️ BSCScan API key not configured, cannot check banned developer for 0xbd831b...
2026-05-16 22:47:31 | WARNING | ⚠️ BSCScan API key not configured, cannot check banned developer for 0x6331bf...
2026-05-16 22:47:31 | WARNING | ⚠️ BSCScan API key not configured, cannot check banned developer for 0x6b4917...
2026-05-16 22:47:31 | WARNING | ⚠️ BSCScan API key not configured, cannot check banned developer for 0xf884c4...
2026-05-16 22:47:31 | WARNING | ⚠️ BSCScan API key not configured, cannot check banned developer for 0xb7ad5c...
2026-05-16 22:47:31 | WARNING | ⚠️ BSCScan API key not configured, cannot check banned developer for 0xb7ad5c...
2026-05-16 22:47:31 | WARNING | ⚠️ BSCScan API key not configured, cannot check banned developer for 0xbcb24a...
2026-05-16 22:47:31 | WARNING | ⚠️ BSCScan API key not configured, cannot check banned developer for 0x17bc01...
2026-05-16 22:47:31 | INFO | Processing 20 GeckoTerminal USD1 pools...
2026-05-16 22:47:31 | WARNING | ⚠️ BSCScan API key not configured, cannot check banned developer for 0xc08cd2...
2026-05-16 22:47:31 | INFO | 🔍 GeckoTerminal USD1 pool: CARV - Vol: $404, Age: 7990.44h, New: False, Established: False, NotPopular: True
2026-05-16 22:47:31 | WARNING | ⚠️ BSCScan API key not configured, cannot check banned developer for 0xfdffb4...
2026-05-16 22:47:31 | INFO | 🔍 GeckoTerminal USD1 pool: SAHARA - Vol: $386, Age: 7822.97h, New: False, Established: False, NotPopular: True
2026-05-16 22:47:31 | INFO | Parsed 2/20 GeckoTerminal USD1 pools
2026-05-16 22:47:31 | INFO | Processing 0 DexScreener USD1 pairs...
2026-05-16 22:47:31 | WARNING | ⚠️ BSCScan API key not configured, cannot check banned developer for 0x4b3d30...
2026-05-16 22:47:31 | WARNING | ⚠️ BSCScan API key not configured, cannot check banned developer for 0x91152b...
2026-05-16 22:47:31 | WARNING | ⚠️ BSCScan API key not configured, cannot check banned developer for 0xcae117...
2026-05-16 22:47:31 | WARNING | ⚠️ BSCScan API key not configured, cannot check banned developer for 0x0f0df6...
2026-05-16 22:47:31 | WARNING | ⚠️ BSCScan API key not configured, cannot check banned developer for 0x539ae8...
2026-05-16 22:47:31 | WARNING | ⚠️ BSCScan API key not configured, cannot check banned developer for 0x6dc200...
2026-05-16 22:47:31 | WARNING | ⚠️ BSCScan API key not configured, cannot check banned developer for 0x984065...
2026-05-16 22:47:31 | WARNING | ⚠️ BSCScan API key not configured, cannot check banned developer for 0xff5d99...
2026-05-16 22:47:31 | WARNING | ⚠️ BSCScan API key not configured, cannot check banned developer for 0xf3d5b4...
2026-05-16 22:47:31 | WARNING | ⚠️ BSCScan API key not configured, cannot check banned developer for 0x7e7ec1...
2026-05-16 22:47:31 | WARNING | ⚠️ BSCScan API key not configured, cannot check banned developer for 0x1d28d9...
2026-05-16 22:47:31 | WARNING | ⚠️ BSCScan API key not configured, cannot check banned developer for 0x997a58...
2026-05-16 22:47:31 | WARNING | ⚠️ BSCScan API key not configured, cannot check banned developer for 0xd82544...
2026-05-16 22:47:31 | WARNING | ⚠️ BSCScan API key not configured, cannot check banned developer for 0x11cf6b...
2026-05-16 22:47:31 | WARNING | ⚠️ BSCScan API key not configured, cannot check banned developer for 0x0a8d6c...
2026-05-16 22:47:31 | WARNING | ⚠️ BSCScan API key not configured, cannot check banned developer for 0x4f06c7...
2026-05-16 22:47:31 | WARNING | ⚠️ BSCScan API key not configured, cannot check banned developer for 0x912340...
2026-05-16 22:47:31 | WARNING | ⚠️ BSCScan API key not configured, cannot check banned developer for 0xeb2b7d...
2026-05-16 22:47:31 | WARNING | ⚠️ BSCScan API key not configured, cannot check banned developer for 0xea37a8...
2026-05-16 22:47:31 | WARNING | ⚠️ BSCScan API key not configured, cannot check banned developer for 0xb0b92d...
2026-05-16 22:47:31 | WARNING | ⚠️ BSCScan API key not configured, cannot check banned developer for 0x997a58...
2026-05-16 22:47:31 | WARNING | ⚠️ BSCScan API key not configured, cannot check banned developer for 0x6bdcce...
2026-05-16 22:47:31 | WARNING | ⚠️ BSCScan API key not configured, cannot check banned developer for 0x485d37...
2026-05-16 22:47:31 | WARNING | ⚠️ BSCScan API key not configured, cannot check banned developer for 0x1f12b8...
2026-05-16 22:47:31 | WARNING | ⚠️ BSCScan API key not configured, cannot check banned developer for 0x302dfa...
2026-05-16 22:47:31 | WARNING | ⚠️ BSCScan API key not configured, cannot check banned developer for 0xc07e13...
2026-05-16 22:47:31 | WARNING | ⚠️ BSCScan API key not configured, cannot check banned developer for 0x355f94...
2026-05-16 22:47:31 | WARNING | ⚠️ BSCScan API key not configured, cannot check banned developer for 0x208bf3...
2026-05-16 22:47:31 | WARNING | ⚠️ BSCScan API key not configured, cannot check banned developer for 0x9c17ba...
2026-05-16 22:47:31 | WARNING | ⚠️ BSCScan API key not configured, cannot check banned developer for 0xc74867...
2026-05-16 22:47:31 | WARNING | ⚠️ BSCScan API key not configured, cannot check banned developer for 0xd6b48c...
2026-05-16 22:47:31 | WARNING | ⚠️ BSCScan API key not configured, cannot check banned developer for 0x000008...
2026-05-16 22:47:31 | WARNING | ⚠️ BSCScan API key not configured, cannot check banned developer for 0xb7e51d...
2026-05-16 22:47:31 | WARNING | ⚠️ BSCScan API key not configured, cannot check banned developer for 0xcd1679...
2026-05-16 22:47:31 | WARNING | ⚠️ BSCScan API key not configured, cannot check banned developer for 0xd955c9...
2026-05-16 22:47:31 | INFO | Found 0 tokens matching criteria (new: vol >= $300,000 mcap >= $100,000 age < 2.0h | established: vol >= $2,000,000 age > 2.0h | max: vol <= $40,000,000)
2026-05-16 22:48:46 | INFO | ==================================================
2026-05-16 22:48:46 | INFO | Starting New Tokens Monitor Bot
2026-05-16 22:48:46 | INFO | NEW TOKENS (< 2.0h): MIN_VOLUME $300,000, MIN_MCAP $100,000
2026-05-16 22:48:46 | INFO | ESTABLISHED TOKENS (> 2.0h): MIN_VOLUME $2,000,000
2026-05-16 22:48:46 | INFO | MAX VOLUME FILTER: $40,000,000 (exclude too popular tokens)
2026-05-16 22:48:46 | INFO | SKIP HOLDERS CHECK: $1,000,000+ volume (high volume tokens)
2026-05-16 22:48:46 | INFO | STABILITY_CHECKS: 2 (~1 min)
2026-05-16 22:48:46 | INFO | SCAN_INTERVAL: 30s
2026-05-16 22:48:46 | INFO | ==================================================
2026-05-16 22:48:46 | INFO | GeckoTerminal: fetched 20 trending pools (page 1)
2026-05-16 22:48:46 | INFO | GeckoTerminal: fetched 20 pools (page 1)
2026-05-16 22:48:46 | ERROR | DexScreener token search error: 404
2026-05-16 22:48:46 | INFO | DexScreener USD1: fetched 0 USD1 BSC pairs
2026-05-16 22:48:46 | INFO | DexScreener: fetched 20 BSC pairs
2026-05-16 22:48:46 | INFO | GeckoTerminal: fetched 20 pools (page 3)
2026-05-16 22:48:46 | INFO | GeckoTerminal: fetched 20 pools (page 2)
2026-05-16 22:48:46 | INFO | GeckoTerminal: fetched 20 pools (page 4)
2026-05-16 22:48:46 | WARNING | GeckoTerminal unauthorized (401) on page 11
2026-05-16 22:48:46 | WARNING | GeckoTerminal unauthorized (401) on page 12
2026-05-16 22:48:47 | INFO | GeckoTerminal: fetched 20 pools (page 7)
2026-05-16 22:48:47 | INFO | GeckoTerminal: fetched 20 pools (page 6)
2026-05-16 22:48:47 | INFO | GeckoTerminal: fetched 20 pools (page 10)
2026-05-16 22:48:47 | INFO | GeckoTerminal: fetched 20 pools (page 9)
2026-05-16 22:48:47 | INFO | GeckoTerminal: fetched 20 pools (page 5)
2026-05-16 22:48:47 | INFO | GeckoTerminal: fetched 20 pools (page 8)
2026-05-16 22:48:47 | INFO | GeckoTerminal: fetched 20 trending pools (page 3)
2026-05-16 22:48:47 | INFO | GeckoTerminal: fetched 20 trending pools (page 2)
2026-05-16 22:48:47 | INFO | GeckoTerminal USD1: fetched 20 USD1 BSC pools
2026-05-16 22:48:47 | WARNING | ⚠️ BSCScan API key not configured, cannot check banned developer for 0x2e35af...
2026-05-16 22:48:47 | WARNING | ⚠️ BSCScan API key not configured, cannot check banned developer for 0x19d82f...
2026-05-16 22:48:47 | WARNING | ⚠️ BSCScan API key not configured, cannot check banned developer for 0xfa7632...
2026-05-16 22:48:47 | WARNING | ⚠️ BSCScan API key not configured, cannot check banned developer for 0xe6b89a...
2026-05-16 22:48:47 | WARNING | ⚠️ BSCScan API key not configured, cannot check banned developer for 0x138479...
2026-05-16 22:48:47 | WARNING | ⚠️ BSCScan API key not configured, cannot check banned developer for 0x5ee548...
2026-05-16 22:48:47 | WARNING | ⚠️ BSCScan API key not configured, cannot check banned developer for 0x40dac4...
2026-05-16 22:48:47 | WARNING | ⚠️ BSCScan API key not configured, cannot check banned developer for 0x54d3bc...
2026-05-16 22:48:47 | WARNING | ⚠️ BSCScan API key not configured, cannot check banned developer for 0x93ecd8...
2026-05-16 22:48:47 | WARNING | ⚠️ BSCScan API key not configured, cannot check banned developer for 0x6331bf...
2026-05-16 22:48:47 | WARNING | ⚠️ BSCScan API key not configured, cannot check banned developer for 0xbd831b...
2026-05-16 22:48:47 | WARNING | ⚠️ BSCScan API key not configured, cannot check banned developer for 0x6331bf...
2026-05-16 22:48:47 | WARNING | ⚠️ BSCScan API key not configured, cannot check banned developer for 0x6b4917...
2026-05-16 22:48:47 | WARNING | ⚠️ BSCScan API key not configured, cannot check banned developer for 0xf884c4...
2026-05-16 22:48:47 | WARNING | ⚠️ BSCScan API key not configured, cannot check banned developer for 0xb7ad5c...
2026-05-16 22:48:47 | WARNING | ⚠️ BSCScan API key not configured, cannot check banned developer for 0xb7ad5c...
2026-05-16 22:48:47 | WARNING | ⚠️ BSCScan API key not configured, cannot check banned developer for 0xbcb24a...
2026-05-16 22:48:47 | WARNING | ⚠️ BSCScan API key not configured, cannot check banned developer for 0x17bc01...
2026-05-16 22:48:47 | INFO | Processing 20 GeckoTerminal USD1 pools...
2026-05-16 22:48:47 | WARNING | ⚠️ BSCScan API key not configured, cannot check banned developer for 0xfdffb4...
2026-05-16 22:48:47 | INFO | 🔍 GeckoTerminal USD1 pool: SAHARA - Vol: $229, Age: 7822.99h, New: False, Established: False, NotPopular: True
2026-05-16 22:48:47 | INFO | Parsed 1/20 GeckoTerminal USD1 pools
2026-05-16 22:48:47 | INFO | Processing 0 DexScreener USD1 pairs...
2026-05-16 22:48:47 | WARNING | ⚠️ BSCScan API key not configured, cannot check banned developer for 0x3b8f7c...
2026-05-16 22:48:47 | WARNING | ⚠️ BSCScan API key not configured, cannot check banned developer for 0xfe0615...
2026-05-16 22:48:47 | WARNING | ⚠️ BSCScan API key not configured, cannot check banned developer for 0x1b145a...
2026-05-16 22:48:47 | WARNING | ⚠️ BSCScan API key not configured, cannot check banned developer for 0x2d23de...
2026-05-16 22:48:47 | WARNING | ⚠️ BSCScan API key not configured, cannot check banned developer for 0xa74414...
2026-05-16 22:48:47 | WARNING | ⚠️ BSCScan API key not configured, cannot check banned developer for 0xab1855...
2026-05-16 22:48:47 | WARNING | ⚠️ BSCScan API key not configured, cannot check banned developer for 0x747fb8...
2026-05-16 22:48:47 | WARNING | ⚠️ BSCScan API key not configured, cannot check banned developer for 0x80280b...
2026-05-16 22:48:47 | WARNING | ⚠️ BSCScan API key not configured, cannot check banned developer for 0x00d58c...
2026-05-16 22:48:47 | WARNING | ⚠️ BSCScan API key not configured, cannot check banned developer for 0x0af40a...
2026-05-16 22:48:47 | WARNING | ⚠️ BSCScan API key not configured, cannot check banned developer for 0x21b925...
2026-05-16 22:48:47 | WARNING | ⚠️ BSCScan API key not configured, cannot check banned developer for 0x35bfaf...
2026-05-16 22:48:47 | WARNING | ⚠️ BSCScan API key not configured, cannot check banned developer for 0x7afd51...
2026-05-16 22:48:47 | WARNING | ⚠️ BSCScan API key not configured, cannot check banned developer for 0x58ced8...
2026-05-16 22:48:47 | WARNING | ⚠️ BSCScan API key not configured, cannot check banned developer for 0x1526ad...
2026-05-16 22:48:47 | WARNING | ⚠️ BSCScan API key not configured, cannot check banned developer for 0xf686fc...
2026-05-16 22:48:47 | WARNING | ⚠️ BSCScan API key not configured, cannot check banned developer for 0x1526ad...
2026-05-16 22:48:47 | WARNING | ⚠️ BSCScan API key not configured, cannot check banned developer for 0xf686fc...
2026-05-16 22:48:47 | WARNING | ⚠️ BSCScan API key not configured, cannot check banned developer for 0x6648fe...
2026-05-16 22:48:47 | WARNING | ⚠️ BSCScan API key not configured, cannot check banned developer for 0xdf24f8...
2026-05-16 22:48:47 | WARNING | ⚠️ BSCScan API key not configured, cannot check banned developer for 0x0f9bd8...
2026-05-16 22:48:47 | WARNING | ⚠️ BSCScan API key not configured, cannot check banned developer for 0xc72bd3...
2026-05-16 22:48:47 | WARNING | ⚠️ BSCScan API key not configured, cannot check banned developer for 0xbaceb2...
2026-05-16 22:48:47 | WARNING | ⚠️ BSCScan API key not configured, cannot check banned developer for 0xe972be...
2026-05-16 22:48:47 | WARNING | ⚠️ BSCScan API key not configured, cannot check banned developer for 0xb11372...
2026-05-16 22:48:47 | WARNING | ⚠️ BSCScan API key not configured, cannot check banned developer for 0xdf24f8...
2026-05-16 22:48:47 | WARNING | ⚠️ BSCScan API key not configured, cannot check banned developer for 0xfed56f...
2026-05-16 22:48:47 | WARNING | ⚠️ BSCScan API key not configured, cannot check banned developer for 0x5fca51...
2026-05-16 22:48:47 | WARNING | ⚠️ BSCScan API key not configured, cannot check banned developer for 0x7ec43c...
2026-05-16 22:48:47 | WARNING | ⚠️ BSCScan API key not configured, cannot check banned developer for 0x40b812...
2026-05-16 22:48:47 | WARNING | ⚠️ BSCScan API key not configured, cannot check banned developer for 0x169ec3...
2026-05-16 22:48:47 | WARNING | ⚠️ BSCScan API key not configured, cannot check banned developer for 0x5feccd...
2026-05-16 22:48:47 | WARNING | ⚠️ BSCScan API key not configured, cannot check banned developer for 0x53ec33...
2026-05-16 22:48:47 | WARNING | ⚠️ BSCScan API key not configured, cannot check banned developer for 0x976934...
2026-05-16 22:48:47 | WARNING | ⚠️ BSCScan API key not configured, cannot check banned developer for 0xed9ae3...
2026-05-16 22:48:47 | WARNING | ⚠️ BSCScan API key not configured, cannot check banned developer for 0xda7ad9...
2026-05-16 22:48:47 | WARNING | ⚠️ BSCScan API key not configured, cannot check banned developer for 0x55d398...
2026-05-16 22:48:47 | WARNING | ⚠️ BSCScan API key not configured, cannot check banned developer for 0x0c6919...
2026-05-16 22:48:47 | WARNING | ⚠️ BSCScan API key not configured, cannot check banned developer for 0x6ec903...
2026-05-16 22:48:47 | WARNING | ⚠️ BSCScan API key not configured, cannot check banned developer for 0xfab99f...
2026-05-16 22:48:47 | WARNING | ⚠️ BSCScan API key not configured, cannot check banned developer for 0x92aa03...
2026-05-16 22:48:47 | WARNING | ⚠️ BSCScan API key not configured, cannot check banned developer for 0xe0a281...
2026-05-16 22:48:47 | WARNING | ⚠️ BSCScan API key not configured, cannot check banned developer for 0x595dea...
2026-05-16 22:48:47 | WARNING | ⚠️ BSCScan API key not configured, cannot check banned developer for 0x53ec33...
2026-05-16 22:48:47 | WARNING | ⚠️ BSCScan API key not configured, cannot check banned developer for 0x4b3d30...
2026-05-16 22:48:47 | WARNING | ⚠️ BSCScan API key not configured, cannot check banned developer for 0x91152b...
2026-05-16 22:48:47 | WARNING | ⚠️ BSCScan API key not configured, cannot check banned developer for 0xcae117...
2026-05-16 22:48:47 | WARNING | ⚠️ BSCScan API key not configured, cannot check banned developer for 0x0f0df6...
2026-05-16 22:48:47 | WARNING | ⚠️ BSCScan API key not configured, cannot check banned developer for 0x539ae8...
2026-05-16 22:48:47 | WARNING | ⚠️ BSCScan API key not configured, cannot check banned developer for 0x984065...
2026-05-16 22:48:47 | WARNING | ⚠️ BSCScan API key not configured, cannot check banned developer for 0xff5d99...
2026-05-16 22:48:47 | WARNING | ⚠️ BSCScan API key not configured, cannot check banned developer for 0xf3d5b4...
2026-05-16 22:48:47 | WARNING | ⚠️ BSCScan API key not configured, cannot check banned developer for 0x7e7ec1...
2026-05-16 22:48:47 | WARNING | ⚠️ BSCScan API key not configured, cannot check banned developer for 0x1d28d9...
2026-05-16 22:48:47 | WARNING | ⚠️ BSCScan API key not configured, cannot check banned developer for 0x997a58...
2026-05-16 22:48:47 | WARNING | ⚠️ BSCScan API key not configured, cannot check banned developer for 0xd82544...
2026-05-16 22:48:47 | WARNING | ⚠️ BSCScan API key not configured, cannot check banned developer for 0x11cf6b...
2026-05-16 22:48:47 | WARNING | ⚠️ BSCScan API key not configured, cannot check banned developer for 0x0a8d6c...
2026-05-16 22:48:47 | WARNING | ⚠️ BSCScan API key not configured, cannot check banned developer for 0x4f06c7...
2026-05-16 22:48:47 | WARNING | ⚠️ BSCScan API key not configured, cannot check banned developer for 0x912340...
2026-05-16 22:48:47 | WARNING | ⚠️ BSCScan API key not configured, cannot check banned developer for 0xeb2b7d...
2026-05-16 22:48:47 | WARNING | ⚠️ BSCScan API key not configured, cannot check banned developer for 0xea37a8...
2026-05-16 22:48:47 | WARNING | ⚠️ BSCScan API key not configured, cannot check banned developer for 0xb0b92d...
2026-05-16 22:48:47 | WARNING | ⚠️ BSCScan API key not configured, cannot check banned developer for 0x997a58...
2026-05-16 22:48:47 | WARNING | ⚠️ BSCScan API key not configured, cannot check banned developer for 0x6bdcce...
2026-05-16 22:48:47 | WARNING | ⚠️ BSCScan API key not configured, cannot check banned developer for 0x1f12b8...
2026-05-16 22:48:47 | WARNING | ⚠️ BSCScan API key not configured, cannot check banned developer for 0x302dfa...
2026-05-16 22:48:47 | WARNING | ⚠️ BSCScan API key not configured, cannot check banned developer for 0x74836c...
2026-05-16 22:48:47 | WARNING | ⚠️ BSCScan API key not configured, cannot check banned developer for 0xc07e13...
2026-05-16 22:48:47 | WARNING | ⚠️ BSCScan API key not configured, cannot check banned developer for 0x355f94...
2026-05-16 22:48:47 | INFO | 🔍 GeckoTerminal trending: ASTEROID - Vol: $436,427, Age: 22.41h, Established: False, NotPopular: True
2026-05-16 22:48:47 | WARNING | ⚠️ BSCScan API key not configured, cannot check banned developer for 0x208bf3...
2026-05-16 22:48:47 | WARNING | ⚠️ BSCScan API key not configured, cannot check banned developer for 0x9c17ba...
2026-05-16 22:48:47 | WARNING | ⚠️ BSCScan API key not configured, cannot check banned developer for 0xc74867...
2026-05-16 22:48:47 | WARNING | ⚠️ BSCScan API key not configured, cannot check banned developer for 0xd6b48c...
2026-05-16 22:48:47 | WARNING | ⚠️ BSCScan API key not configured, cannot check banned developer for 0x000008...
2026-05-16 22:48:47 | WARNING | ⚠️ BSCScan API key not configured, cannot check banned developer for 0xd955c9...
2026-05-16 22:48:47 | INFO | Found 0 tokens matching criteria (new: vol >= $300,000 mcap >= $100,000 age < 2.0h | established: vol >= $2,000,000 age > 2.0h | max: vol <= $40,000,000)
